# JRE version: Java(TM) SE Runtime Environment (8.0_144-b01) (build 1.8.0_144-b01)
# Java VM: Java HotSpot(TM) Client VM (25.144-b01 mixed mode windows-x86 )
Heap:
 def new generation   total 39424K, used 20398K [0x05000000, 0x07ac0000, 0x0faa0000)
  eden space 35072K,  52% used [0x05000000, 0x061e1398, 0x07240000)
  from space 4352K,  48% used [0x07240000, 0x0744a4b0, 0x07680000)
  to   space 4352K,   0% used [0x07680000, 0x07680000, 0x07ac0000)
 tenured generation   total 87424K, used 71896K [0x0faa0000, 0x15000000, 0x25000000)
   the space 87424K,  82% used [0x0faa0000, 0x140d6360, 0x140d6400, 0x15000000)
 Metaspace       used 19752K, capacity 20237K, committed 20352K, reserved 20864K
GC Heap History (10 events):
Event: 4155.237 GC heap before
{Heap before GC invocations=542 (full 1):
 def new generation   total 39424K, used 37787K [0x05000000, 0x07ac0000, 0x0faa0000)
  eden space 35072K, 100% used [0x05000000, 0x07240000, 0x07240000)
  from space 4352K,  62% used [0x07680000, 0x07926e18, 0x07ac0000)
  to   space 4352K,   0% used [0x07240000, 0x07240000, 0x07680000)
 tenured generation   total 87424K, used 55971K [0x0faa0000, 0x15000000, 0x25000000)
   the space 87424K,  64% used [0x0faa0000, 0x13148ea0, 0x13149000, 0x15000000)
 Metaspace       used 19734K, capacity 20234K, committed 20352K, reserved 20864K
Event: 4155.254 GC heap after
Heap after GC invocations=543 (full 1):
 def new generation   total 39424K, used 3334K [0x05000000, 0x07ac0000, 0x0faa0000)
  eden space 35072K,   0% used [0x05000000, 0x05000000, 0x07240000)
  from space 4352K,  76% used [0x07240000, 0x07581b78, 0x07680000)
  to   space 4352K,   0% used [0x07680000, 0x07680000, 0x07ac0000)
 tenured generation   total 87424K, used 56548K [0x0faa0000, 0x15000000, 0x25000000)
   the space 87424K,  64% used [0x0faa0000, 0x131d9138, 0x131d9200, 0x15000000)
 Metaspace       used 19734K, capacity 20234K, committed 20352K, reserved 20864K
}
Event: 6001.892 GC heap before
{Heap before GC invocations=543 (full 1):
 def new generation   total 39424K, used 38406K [0x05000000, 0x07ac0000, 0x0faa0000)
  eden space 35072K, 100% used [0x05000000, 0x07240000, 0x07240000)
  from space 4352K,  76% used [0x07240000, 0x07581b78, 0x07680000)
  to   space 4352K,   0% used [0x07680000, 0x07680000, 0x07ac0000)
 tenured generation   total 87424K, used 56548K [0x0faa0000, 0x15000000, 0x25000000)
   the space 87424K,  64% used [0x0faa0000, 0x131d9138, 0x131d9200, 0x15000000)
 Metaspace       used 19734K, capacity 20234K, committed 20352K, reserved 20864K
Event: 6001.904 GC heap after
Heap after GC invocations=544 (full 1):
 def new generation   total 39424K, used 1794K [0x05000000, 0x07ac0000, 0x0faa0000)
  eden space 35072K,   0% used [0x05000000, 0x05000000, 0x07240000)
  from space 4352K,  41% used [0x07680000, 0x07840900, 0x07ac0000)
  to   space 4352K,   0% used [0x07240000, 0x07240000, 0x07680000)
 tenured generation   total 87424K, used 58019K [0x0faa0000, 0x15000000, 0x25000000)
   the space 87424K,  66% used [0x0faa0000, 0x13348eb0, 0x13349000, 0x15000000)
 Metaspace       used 19734K, capacity 20234K, committed 20352K, reserved 20864K
}
Event: 6486.223 GC heap before
{Heap before GC invocations=544 (full 1):
 def new generation   total 39424K, used 36358K [0x05000000, 0x07ac0000, 0x0faa0000)
  eden space 35072K,  98% used [0x05000000, 0x071c1088, 0x07240000)
  from space 4352K,  41% used [0x07680000, 0x07840900, 0x07ac0000)
  to   space 4352K,   0% used [0x07240000, 0x07240000, 0x07680000)
 tenured generation   total 87424K, used 58019K [0x0faa0000, 0x15000000, 0x25000000)
   the space 87424K,  66% used [0x0faa0000, 0x13348eb0, 0x13349000, 0x15000000)
 Metaspace       used 19740K, capacity 20234K, committed 20352K, reserved 20864K
Event: 6486.245 GC heap after
Heap after GC invocations=545 (full 1):
 def new generation   total 39424K, used 4352K [0x05000000, 0x07ac0000, 0x0faa0000)
  eden space 35072K,   0% used [0x05000000, 0x05000000, 0x07240000)
  from space 4352K, 100% used [0x07240000, 0x07680000, 0x07680000)
  to   space 4352K,   0% used [0x07680000, 0x07680000, 0x07ac0000)
 tenured generation   total 87424K, used 63763K [0x0faa0000, 0x15000000, 0x25000000)
   the space 87424K,  72% used [0x0faa0000, 0x138e4eb8, 0x138e5000, 0x15000000)
 Metaspace       used 19740K, capacity 20234K, committed 20352K, reserved 20864K
}
Event: 6633.373 GC heap before
{Heap before GC invocations=545 (full 1):
 def new generation   total 39424K, used 39247K [0x05000000, 0x07ac0000, 0x0faa0000)
  eden space 35072K,  99% used [0x05000000, 0x07213cd0, 0x07240000)
  from space 4352K, 100% used [0x07240000, 0x07680000, 0x07680000)
  to   space 4352K,   0% used [0x07680000, 0x07680000, 0x07ac0000)
 tenured generation   total 87424K, used 63763K [0x0faa0000, 0x15000000, 0x25000000)
   the space 87424K,  72% used [0x0faa0000, 0x138e4eb8, 0x138e5000, 0x15000000)
 Metaspace       used 19741K, capacity 20237K, committed 20352K, reserved 20864K
Event: 6633.389 GC heap after
Heap after GC invocations=546 (full 1):
 def new generation   total 39424K, used 4352K [0x05000000, 0x07ac0000, 0x0faa0000)
  eden space 35072K,   0% used [0x05000000, 0x05000000, 0x07240000)
  from space 4352K, 100% used [0x07680000, 0x07ac0000, 0x07ac0000)
  to   space 4352K,   0% used [0x07240000, 0x07240000, 0x07680000)
 tenured generation   total 87424K, used 67963K [0x0faa0000, 0x15000000, 0x25000000)
   the space 87424K,  77% used [0x0faa0000, 0x13cfef40, 0x13cff000, 0x15000000)
 Metaspace       used 19741K, capacity 20237K, committed 20352K, reserved 20864K
}
Event: 6758.260 GC heap before
{Heap before GC invocations=546 (full 1):
 def new generation   total 39424K, used 39424K [0x05000000, 0x07ac0000, 0x0faa0000)
  eden space 35072K, 100% used [0x05000000, 0x07240000, 0x07240000)
  from space 4352K, 100% used [0x07680000, 0x07ac0000, 0x07ac0000)
  to   space 4352K,   0% used [0x07240000, 0x07240000, 0x07680000)
 tenured generation   total 87424K, used 67963K [0x0faa0000, 0x15000000, 0x25000000)
   the space 87424K,  77% used [0x0faa0000, 0x13cfef40, 0x13cff000, 0x15000000)
 Metaspace       used 19741K, capacity 20237K, committed 20352K, reserved 20864K
Event: 6758.278 GC heap after
Heap after GC invocations=547 (full 1):
 def new generation   total 39424K, used 2089K [0x05000000, 0x07ac0000, 0x0faa0000)
  eden space 35072K,   0% used [0x05000000, 0x05000000, 0x07240000)
  from space 4352K,  48% used [0x07240000, 0x0744a4b0, 0x07680000)
  to   space 4352K,   0% used [0x07680000, 0x07680000, 0x07ac0000)
 tenured generation   total 87424K, used 71896K [0x0faa0000, 0x15000000, 0x25000000)
   the space 87424K,  82% used [0x0faa0000, 0x140d6360, 0x140d6400, 0x15000000)
 Metaspace       used 19741K, capacity 20237K, committed 20352K, reserved 20864K
}

